<?xml version="1.0" encoding="UTF-8"?>
<testsuite name="edu.jsu.mcis.HelloWorldTest" tests="2" skipped="0" failures="0" errors="0" timestamp="2015-09-01T01:55:22" hostname="Katies-MacBook-Air-2.local" time="0.005">
  <properties/>
  <testcase name="testReverseIt" classname="edu.jsu.mcis.HelloWorldTest" time="0.004"/>
  <testcase name="testShowIt" classname="edu.jsu.mcis.HelloWorldTest" time="0.0"/>
  <system-out><![CDATA[]]></system-out>
  <system-err><![CDATA[]]></system-err>
</testsuite>
